<?xml version="1.0" encoding="UTF-8"?>
<!-- Generated by org.testng.reporters.JUnitReportReporter -->
<testsuite skipped="0" hostname="sbanka-t460" name="com.cw.qa.testcases.WeatherComparatorTest" tests="1" failures="0" timestamp="27 Sep 2020 01:18:08 GMT" time="37.858" errors="0">
  <testcase name="compareWeather" time="37.858" classname="com.cw.qa.testcases.WeatherComparatorTest"/>
</testsuite> <!-- com.cw.qa.testcases.WeatherComparatorTest -->
