<?xml version="1.0" encoding="UTF-8"?>
<!-- Generated by org.testng.reporters.JUnitReportReporter -->
<testsuite skipped="0" hostname="sbanka-t460" name="com.cw.qa.testcases.NDTVHomePageTest" tests="2" failures="0" timestamp="24 Sep 2020 00:21:43 GMT" time="75.169" errors="0">
  <testcase name="comapreTitle" time="27.593" classname="com.cw.qa.testcases.NDTVHomePageTest"/>
  <testcase name="navigatetoWeatherPageTest" time="47.576" classname="com.cw.qa.testcases.NDTVHomePageTest"/>
</testsuite> <!-- com.cw.qa.testcases.NDTVHomePageTest -->
